[debug] [2021-03-04T11:33:20.784Z] ----------------------------------------------------------------------
[debug] [2021-03-04T11:33:20.787Z] Command:       C:\Program Files\nodejs\node.exe C:\Users\hydra\AppData\Roaming\npm\node_modules\firebase-tools\lib\bin\firebase.js deploy
[debug] [2021-03-04T11:33:20.787Z] CLI Version:   9.4.0
[debug] [2021-03-04T11:33:20.787Z] Platform:      win32
[debug] [2021-03-04T11:33:20.787Z] Node Version:  v12.18.4
[debug] [2021-03-04T11:33:20.790Z] Time:          Thu Mar 04 2021 20:33:20 GMT+0900 (GMT+09:00)
[debug] [2021-03-04T11:33:20.790Z] ----------------------------------------------------------------------
[debug] [2021-03-04T11:33:20.790Z] 
[debug] [2021-03-04T11:33:20.805Z] > command requires scopes: ["email","openid","https://www.googleapis.com/auth/cloudplatformprojects.readonly","https://www.googleapis.com/auth/firebase","https://www.googleapis.com/auth/cloud-platform"]
[debug] [2021-03-04T11:33:20.806Z] > authorizing via signed-in user
[debug] [2021-03-04T11:33:20.807Z] [iam] checking project movie-and-tv-83376 for permissions ["firebase.projects.get","firebasedatabase.instances.update","firebasehosting.sites.update"]
[debug] [2021-03-04T11:33:20.812Z] >>> HTTP REQUEST POST https://cloudresourcemanager.googleapis.com/v1/projects/movie-and-tv-83376:testIamPermissions  
 {"permissions":["firebase.projects.get","firebasedatabase.instances.update","firebasehosting.sites.update"]}
[debug] [2021-03-04T11:33:21.580Z] <<< HTTP RESPONSE 200 {"content-type":"application/json; charset=UTF-8","vary":"X-Origin, Referer, Origin,Accept-Encoding","date":"Thu, 04 Mar 2021 11:33:20 GMT","server":"ESF","cache-control":"private","x-xss-protection":"0","x-frame-options":"SAMEORIGIN","x-content-type-options":"nosniff","server-timing":"gfet4t7; dur=563","alt-svc":"h3-29=\":443\"; ma=2592000,h3-T051=\":443\"; ma=2592000,h3-Q050=\":443\"; ma=2592000,h3-Q046=\":443\"; ma=2592000,h3-Q043=\":443\"; ma=2592000,quic=\":443\"; ma=2592000; v=\"46,43\"","accept-ranges":"none","transfer-encoding":"chunked"}
[debug] [2021-03-04T11:33:21.582Z] > refreshing access token with scopes: []
[debug] [2021-03-04T11:33:21.583Z] >>> HTTP REQUEST POST https://www.googleapis.com/oauth2/v3/token  
 <request body omitted>
[debug] [2021-03-04T11:33:21.986Z] <<< HTTP RESPONSE 200 {"date":"Thu, 04 Mar 2021 11:33:20 GMT","expires":"Mon, 01 Jan 1990 00:00:00 GMT","pragma":"no-cache","cache-control":"no-cache, no-store, max-age=0, must-revalidate","content-type":"application/json; charset=utf-8","vary":"X-Origin, Referer, Origin,Accept-Encoding","server":"scaffolding on HTTPServer2","x-xss-protection":"0","x-frame-options":"SAMEORIGIN","x-content-type-options":"nosniff","alt-svc":"h3-29=\":443\"; ma=2592000,h3-T051=\":443\"; ma=2592000,h3-Q050=\":443\"; ma=2592000,h3-Q046=\":443\"; ma=2592000,h3-Q043=\":443\"; ma=2592000,quic=\":443\"; ma=2592000; v=\"46,43\"","accept-ranges":"none","transfer-encoding":"chunked"}
[debug] [2021-03-04T11:33:22.026Z] >>> [apiv2][query] GET https://firebase.googleapis.com/v1beta1/projects/movie-and-tv-83376 [none]
[debug] [2021-03-04T11:33:22.816Z] <<< [apiv2][status] GET https://firebase.googleapis.com/v1beta1/projects/movie-and-tv-83376 200
[debug] [2021-03-04T11:33:22.816Z] <<< [apiv2][body] GET https://firebase.googleapis.com/v1beta1/projects/movie-and-tv-83376 {"projectId":"movie-and-tv-83376","projectNumber":"107197632636","displayName":"movie and tv","name":"projects/movie-and-tv-83376","resources":{"hostingSite":"movie-and-tv-83376","realtimeDatabaseInstance":"movie-and-tv-83376-default-rtdb"},"state":"ACTIVE"}
[debug] [2021-03-04T11:33:22.817Z] >>> [apiv2][query] GET https://firebase.googleapis.com/v1beta1/projects/movie-and-tv-83376 [none]
[debug] [2021-03-04T11:33:23.219Z] <<< [apiv2][status] GET https://firebase.googleapis.com/v1beta1/projects/movie-and-tv-83376 200
[debug] [2021-03-04T11:33:23.219Z] <<< [apiv2][body] GET https://firebase.googleapis.com/v1beta1/projects/movie-and-tv-83376 {"projectId":"movie-and-tv-83376","projectNumber":"107197632636","displayName":"movie and tv","name":"projects/movie-and-tv-83376","resources":{"hostingSite":"movie-and-tv-83376","realtimeDatabaseInstance":"movie-and-tv-83376-default-rtdb"},"state":"ACTIVE"}
[info] 
[info] === Deploying to 'movie-and-tv-83376'...
[info] 
[info] i  deploying database, hosting 
[info] i  database: checking rules syntax... 
[debug] [2021-03-04T11:33:23.251Z] > refreshing access token with scopes: ["email","https://www.googleapis.com/auth/cloud-platform","https://www.googleapis.com/auth/cloudplatformprojects.readonly","https://www.googleapis.com/auth/firebase","openid"]
[debug] [2021-03-04T11:33:23.251Z] >>> HTTP REQUEST POST https://www.googleapis.com/oauth2/v3/token  
 <request body omitted>
[debug] [2021-03-04T11:33:23.419Z] <<< HTTP RESPONSE 200 {"date":"Thu, 04 Mar 2021 11:33:22 GMT","expires":"Mon, 01 Jan 1990 00:00:00 GMT","pragma":"no-cache","cache-control":"no-cache, no-store, max-age=0, must-revalidate","content-type":"application/json; charset=utf-8","vary":"X-Origin, Referer, Origin,Accept-Encoding","server":"scaffolding on HTTPServer2","x-xss-protection":"0","x-frame-options":"SAMEORIGIN","x-content-type-options":"nosniff","alt-svc":"h3-29=\":443\"; ma=2592000,h3-T051=\":443\"; ma=2592000,h3-Q050=\":443\"; ma=2592000,h3-Q046=\":443\"; ma=2592000,h3-Q043=\":443\"; ma=2592000,quic=\":443\"; ma=2592000; v=\"46,43\"","accept-ranges":"none","transfer-encoding":"chunked"}
[debug] [2021-03-04T11:33:23.479Z] >>> HTTP REQUEST GET https://firebasedatabase.googleapis.com/v1beta/projects/movie-and-tv-83376/locations/-/instances/movie-and-tv-83376-default-rtdb  
 
[debug] [2021-03-04T11:33:24.341Z] <<< HTTP RESPONSE 200 {"content-type":"application/json; charset=UTF-8","vary":"X-Origin, Referer, Origin,Accept-Encoding","date":"Thu, 04 Mar 2021 11:33:22 GMT","server":"ESF","cache-control":"private","x-xss-protection":"0","x-frame-options":"SAMEORIGIN","x-content-type-options":"nosniff","alt-svc":"h3-29=\":443\"; ma=2592000,h3-T051=\":443\"; ma=2592000,h3-Q050=\":443\"; ma=2592000,h3-Q046=\":443\"; ma=2592000,h3-Q043=\":443\"; ma=2592000,quic=\":443\"; ma=2592000; v=\"46,43\"","accept-ranges":"none","transfer-encoding":"chunked"}
[debug] [2021-03-04T11:33:24.344Z] >>> HTTP REQUEST PUT https://movie-and-tv-83376-default-rtdb.firebaseio.com/.settings/rules.json?dryRun=true  
 {
  /* Visit https://firebase.google.com/docs/database/security to learn more about security rules. */
  "rules": {
    ".read": "auth !== null",
    ".write": "auth !== null"
  }
}

[debug] [2021-03-04T11:33:25.059Z] <<< HTTP RESPONSE 200 {"server":"nginx","date":"Thu, 04 Mar 2021 11:33:23 GMT","content-type":"application/json; charset=utf-8","content-length":"15","connection":"keep-alive","access-control-allow-origin":"*","cache-control":"no-cache","strict-transport-security":"max-age=31556926; includeSubDomains; preload"}
[info] +  database: rules syntax for database movie-and-tv-83376-default-rtdb is valid 
[debug] [2021-03-04T11:33:25.068Z] >>> HTTP REQUEST POST https://firebasehosting.googleapis.com/v1beta1/sites/movie-and-tv-83376/versions  
 {"config":{},"labels":{"deployment-tool":"cli-firebase"}}
[debug] [2021-03-04T11:33:26.184Z] <<< HTTP RESPONSE 200 {"content-type":"application/json; charset=UTF-8","vary":"X-Origin, Referer, Origin,Accept-Encoding","date":"Thu, 04 Mar 2021 11:33:24 GMT","server":"ESF","cache-control":"private","x-xss-protection":"0","x-frame-options":"SAMEORIGIN","x-content-type-options":"nosniff","alt-svc":"h3-29=\":443\"; ma=2592000,h3-T051=\":443\"; ma=2592000,h3-Q050=\":443\"; ma=2592000,h3-Q046=\":443\"; ma=2592000,h3-Q043=\":443\"; ma=2592000,quic=\":443\"; ma=2592000; v=\"46,43\"","accept-ranges":"none","transfer-encoding":"chunked"}
[info] i  hosting[movie-and-tv-83376]: beginning deploy... 
[info] i  hosting[movie-and-tv-83376]: found 15 files in build 
[debug] [2021-03-04T11:33:27.626Z] > refreshing access token with scopes: []
[debug] [2021-03-04T11:33:27.627Z] >>> HTTP REQUEST POST https://www.googleapis.com/oauth2/v3/token  
 <request body omitted>
[debug] [2021-03-04T11:33:27.630Z] [hosting] hash cache [YnVpbGQ] stored for 15 files
[debug] [2021-03-04T11:33:27.630Z] [hosting][hash queue][FINAL] {"max":1412,"min":16,"avg":118.66666666666667,"active":0,"complete":15,"success":15,"errored":0,"retried":0,"total":15,"elapsed":1422}
[debug] [2021-03-04T11:33:27.823Z] <<< HTTP RESPONSE 200 {"cache-control":"no-cache, no-store, max-age=0, must-revalidate","pragma":"no-cache","date":"Thu, 04 Mar 2021 11:33:26 GMT","expires":"Mon, 01 Jan 1990 00:00:00 GMT","content-type":"application/json; charset=utf-8","vary":"X-Origin, Referer, Origin,Accept-Encoding","server":"scaffolding on HTTPServer2","x-xss-protection":"0","x-frame-options":"SAMEORIGIN","x-content-type-options":"nosniff","alt-svc":"h3-29=\":443\"; ma=2592000,h3-T051=\":443\"; ma=2592000,h3-Q050=\":443\"; ma=2592000,h3-Q046=\":443\"; ma=2592000,h3-Q043=\":443\"; ma=2592000,quic=\":443\"; ma=2592000; v=\"46,43\"","accept-ranges":"none","transfer-encoding":"chunked"}
[debug] [2021-03-04T11:33:27.853Z] >>> [apiv2][query] POST https://firebasehosting.googleapis.com/v1beta1/sites/movie-and-tv-83376/versions/0f70565cce11f7d5:populateFiles [none]
[debug] [2021-03-04T11:33:27.853Z] >>> [apiv2][body] POST https://firebasehosting.googleapis.com/v1beta1/sites/movie-and-tv-83376/versions/0f70565cce11f7d5:populateFiles {"files":{"/asset-manifest.json":"c9970481d55f550f050c95a06e0924de9ed035e5f411f709cd0ceb8602646141","/index.html":"3474fa1419b2a85584369cc864997c1644421fffd8a24c22f03aaf23d8b9fe19","/static/css/2.d4c91ad6.chunk.css":"47c4e458fa69d8e7ceef859b84bde4f57898f4000fb9729fe1ca4bc76cd4a692","/static/css/2.d4c91ad6.chunk.css.map":"c1586f80a6fd4b4b794e8915c38671a2dc6e0d24ff46cfbdb7d0975331ece24b","/static/js/2.a0891bf3.chunk.js.LICENSE.txt":"27212aebd6fb40edeb6ae7773c985c8ae708aa04b87686e4f7d285664671c971","/static/css/main.f6bb2f1e.chunk.css":"57915af684d703d41d513bff95ca42f6ba849761607ad32be235685575416eeb","/static/js/3.783ba48d.chunk.js":"b31f88d69e169ee193463a81a3044e831f4aa00bcb981427f6f88736dbdeea87","/static/js/3.783ba48d.chunk.js.map":"ec0cab53a0ccdaaf94242eee3e8e0bf18fb7502c5a4cd31ed6044bac61b0a4d2","/static/js/runtime-main.708376c5.js":"2494fb6b16670bf04ff4a56c9800afa37c32c33d8bc96793881058705e03da64","/static/js/runtime-main.708376c5.js.map":"042d6d0604c9c128ecaee7d25f73984c2c9969ecbc7176abbad541cb56f91734","/static/js/main.851bddad.chunk.js":"aa372007f4db9c498ba424e952e715b1a704f9138871e01008a2117ff714adf8","/static/css/main.f6bb2f1e.chunk.css.map":"c2301a355a651cb59acb0273ff28b49286719cb5eff4c31efba2f2e27d09dc43","/static/js/main.851bddad.chunk.js.map":"7b72a83f9ad463ef2ebf2fc81616c6bd9a73e6a292680e0867b2ce57cda52711","/static/js/2.a0891bf3.chunk.js":"15d7c8180e5c41ee56e189c63ce4cee484b4690efb3472171535639aa1ac4900","/static/js/2.a0891bf3.chunk.js.map":"3da00f87f1616ac46faa5c42640426dd7449d0422cb81411ebec79388dd8c92b"}}
[debug] [2021-03-04T11:33:28.847Z] <<< [apiv2][status] POST https://firebasehosting.googleapis.com/v1beta1/sites/movie-and-tv-83376/versions/0f70565cce11f7d5:populateFiles 200
[debug] [2021-03-04T11:33:28.847Z] <<< [apiv2][body] POST https://firebasehosting.googleapis.com/v1beta1/sites/movie-and-tv-83376/versions/0f70565cce11f7d5:populateFiles {"uploadRequiredHashes":["c2301a355a651cb59acb0273ff28b49286719cb5eff4c31efba2f2e27d09dc43","c9970481d55f550f050c95a06e0924de9ed035e5f411f709cd0ceb8602646141","3474fa1419b2a85584369cc864997c1644421fffd8a24c22f03aaf23d8b9fe19","57915af684d703d41d513bff95ca42f6ba849761607ad32be235685575416eeb"],"uploadUrl":"https://upload-firebasehosting.googleapis.com/upload/sites/movie-and-tv-83376/versions/0f70565cce11f7d5/files"}
[debug] [2021-03-04T11:33:28.849Z] >>> [apiv2][query] POST https://upload-firebasehosting.googleapis.com/upload/sites/movie-and-tv-83376/versions/0f70565cce11f7d5/files/c2301a355a651cb59acb0273ff28b49286719cb5eff4c31efba2f2e27d09dc43 [none]
[debug] [2021-03-04T11:33:28.849Z] >>> [apiv2][body] POST https://upload-firebasehosting.googleapis.com/upload/sites/movie-and-tv-83376/versions/0f70565cce11f7d5/files/c2301a355a651cb59acb0273ff28b49286719cb5eff4c31efba2f2e27d09dc43 [stream]
[debug] [2021-03-04T11:33:28.851Z] >>> [apiv2][query] POST https://upload-firebasehosting.googleapis.com/upload/sites/movie-and-tv-83376/versions/0f70565cce11f7d5/files/c9970481d55f550f050c95a06e0924de9ed035e5f411f709cd0ceb8602646141 [none]
[debug] [2021-03-04T11:33:28.851Z] >>> [apiv2][body] POST https://upload-firebasehosting.googleapis.com/upload/sites/movie-and-tv-83376/versions/0f70565cce11f7d5/files/c9970481d55f550f050c95a06e0924de9ed035e5f411f709cd0ceb8602646141 [stream]
[debug] [2021-03-04T11:33:28.852Z] >>> [apiv2][query] POST https://upload-firebasehosting.googleapis.com/upload/sites/movie-and-tv-83376/versions/0f70565cce11f7d5/files/3474fa1419b2a85584369cc864997c1644421fffd8a24c22f03aaf23d8b9fe19 [none]
[debug] [2021-03-04T11:33:28.852Z] >>> [apiv2][body] POST https://upload-firebasehosting.googleapis.com/upload/sites/movie-and-tv-83376/versions/0f70565cce11f7d5/files/3474fa1419b2a85584369cc864997c1644421fffd8a24c22f03aaf23d8b9fe19 [stream]
[debug] [2021-03-04T11:33:28.853Z] >>> [apiv2][query] POST https://upload-firebasehosting.googleapis.com/upload/sites/movie-and-tv-83376/versions/0f70565cce11f7d5/files/57915af684d703d41d513bff95ca42f6ba849761607ad32be235685575416eeb [none]
[debug] [2021-03-04T11:33:28.853Z] >>> [apiv2][body] POST https://upload-firebasehosting.googleapis.com/upload/sites/movie-and-tv-83376/versions/0f70565cce11f7d5/files/57915af684d703d41d513bff95ca42f6ba849761607ad32be235685575416eeb [stream]
[debug] [2021-03-04T11:33:28.854Z] [hosting][populate queue][FINAL] {"max":1223,"min":1223,"avg":1223,"active":0,"complete":1,"success":1,"errored":0,"retried":0,"total":1,"elapsed":1228}
[debug] [2021-03-04T11:33:28.855Z] [hosting] uploads queued: 4
[debug] [2021-03-04T11:33:32.638Z] <<< [apiv2][status] POST https://upload-firebasehosting.googleapis.com/upload/sites/movie-and-tv-83376/versions/0f70565cce11f7d5/files/c9970481d55f550f050c95a06e0924de9ed035e5f411f709cd0ceb8602646141 200
[debug] [2021-03-04T11:33:32.638Z] <<< [apiv2][body] POST https://upload-firebasehosting.googleapis.com/upload/sites/movie-and-tv-83376/versions/0f70565cce11f7d5/files/c9970481d55f550f050c95a06e0924de9ed035e5f411f709cd0ceb8602646141 [stream]
[debug] [2021-03-04T11:33:32.641Z] <<< [apiv2][status] POST https://upload-firebasehosting.googleapis.com/upload/sites/movie-and-tv-83376/versions/0f70565cce11f7d5/files/57915af684d703d41d513bff95ca42f6ba849761607ad32be235685575416eeb 200
[debug] [2021-03-04T11:33:32.642Z] <<< [apiv2][body] POST https://upload-firebasehosting.googleapis.com/upload/sites/movie-and-tv-83376/versions/0f70565cce11f7d5/files/57915af684d703d41d513bff95ca42f6ba849761607ad32be235685575416eeb [stream]
[debug] [2021-03-04T11:33:32.644Z] <<< [apiv2][status] POST https://upload-firebasehosting.googleapis.com/upload/sites/movie-and-tv-83376/versions/0f70565cce11f7d5/files/3474fa1419b2a85584369cc864997c1644421fffd8a24c22f03aaf23d8b9fe19 200
[debug] [2021-03-04T11:33:32.645Z] <<< [apiv2][body] POST https://upload-firebasehosting.googleapis.com/upload/sites/movie-and-tv-83376/versions/0f70565cce11f7d5/files/3474fa1419b2a85584369cc864997c1644421fffd8a24c22f03aaf23d8b9fe19 [stream]
[debug] [2021-03-04T11:33:32.650Z] <<< [apiv2][status] POST https://upload-firebasehosting.googleapis.com/upload/sites/movie-and-tv-83376/versions/0f70565cce11f7d5/files/c2301a355a651cb59acb0273ff28b49286719cb5eff4c31efba2f2e27d09dc43 200
[debug] [2021-03-04T11:33:32.650Z] <<< [apiv2][body] POST https://upload-firebasehosting.googleapis.com/upload/sites/movie-and-tv-83376/versions/0f70565cce11f7d5/files/c2301a355a651cb59acb0273ff28b49286719cb5eff4c31efba2f2e27d09dc43 [stream]
[debug] [2021-03-04T11:33:32.651Z] [hosting][upload queue][FINAL] {"max":3804,"min":3791,"avg":3796.25,"active":0,"complete":4,"success":4,"errored":0,"retried":0,"total":4,"elapsed":3804}
[info] +  hosting[movie-and-tv-83376]: file upload complete 
[debug] [2021-03-04T11:33:32.655Z] [hosting] deploy completed after 6468ms
[info] i  database: releasing rules... 
[debug] [2021-03-04T11:33:33.041Z] > refreshing access token with scopes: ["email","https://www.googleapis.com/auth/cloud-platform","https://www.googleapis.com/auth/cloudplatformprojects.readonly","https://www.googleapis.com/auth/firebase","openid"]
[debug] [2021-03-04T11:33:33.041Z] >>> HTTP REQUEST POST https://www.googleapis.com/oauth2/v3/token  
 <request body omitted>
[debug] [2021-03-04T11:33:33.249Z] <<< HTTP RESPONSE 200 {"date":"Thu, 04 Mar 2021 11:33:31 GMT","cache-control":"no-cache, no-store, max-age=0, must-revalidate","pragma":"no-cache","expires":"Mon, 01 Jan 1990 00:00:00 GMT","content-type":"application/json; charset=utf-8","vary":"X-Origin, Referer, Origin,Accept-Encoding","server":"scaffolding on HTTPServer2","x-xss-protection":"0","x-frame-options":"SAMEORIGIN","x-content-type-options":"nosniff","alt-svc":"h3-29=\":443\"; ma=2592000,h3-T051=\":443\"; ma=2592000,h3-Q050=\":443\"; ma=2592000,h3-Q046=\":443\"; ma=2592000,h3-Q043=\":443\"; ma=2592000,quic=\":443\"; ma=2592000; v=\"46,43\"","accept-ranges":"none","transfer-encoding":"chunked"}
[debug] [2021-03-04T11:33:33.272Z] >>> HTTP REQUEST GET https://firebasedatabase.googleapis.com/v1beta/projects/movie-and-tv-83376/locations/-/instances/movie-and-tv-83376-default-rtdb  
 
[debug] [2021-03-04T11:33:33.966Z] <<< HTTP RESPONSE 200 {"content-type":"application/json; charset=UTF-8","vary":"X-Origin, Referer, Origin,Accept-Encoding","date":"Thu, 04 Mar 2021 11:33:32 GMT","server":"ESF","cache-control":"private","x-xss-protection":"0","x-frame-options":"SAMEORIGIN","x-content-type-options":"nosniff","alt-svc":"h3-29=\":443\"; ma=2592000,h3-T051=\":443\"; ma=2592000,h3-Q050=\":443\"; ma=2592000,h3-Q046=\":443\"; ma=2592000,h3-Q043=\":443\"; ma=2592000,quic=\":443\"; ma=2592000; v=\"46,43\"","accept-ranges":"none","transfer-encoding":"chunked"}
[debug] [2021-03-04T11:33:33.967Z] >>> HTTP REQUEST PUT https://movie-and-tv-83376-default-rtdb.firebaseio.com/.settings/rules.json  
 {
  /* Visit https://firebase.google.com/docs/database/security to learn more about security rules. */
  "rules": {
    ".read": "auth !== null",
    ".write": "auth !== null"
  }
}

[debug] [2021-03-04T11:33:34.580Z] <<< HTTP RESPONSE 200 {"server":"nginx","date":"Thu, 04 Mar 2021 11:33:33 GMT","content-type":"application/json; charset=utf-8","content-length":"15","connection":"keep-alive","access-control-allow-origin":"*","cache-control":"no-cache","strict-transport-security":"max-age=31556926; includeSubDomains; preload"}
[info] +  database: rules for database movie-and-tv-83376-default-rtdb released successfully 
[debug] [2021-03-04T11:33:34.583Z] [
  {
    "config": {
      "public": "build",
      "ignore": [
        "firebase.json",
        "**/.*",
        "**/node_modules/**"
      ],
      "site": "movie-and-tv-83376"
    },
    "site": "movie-and-tv-83376",
    "version": "sites/movie-and-tv-83376/versions/0f70565cce11f7d5"
  }
]
[info] i  hosting[movie-and-tv-83376]: finalizing version... 
[debug] [2021-03-04T11:33:34.586Z] >>> HTTP REQUEST PATCH https://firebasehosting.googleapis.com/v1beta1/sites/movie-and-tv-83376/versions/0f70565cce11f7d5?updateMask=status  
 {"status":"FINALIZED"}
[debug] [2021-03-04T11:33:34.888Z] <<< HTTP RESPONSE 200 {"content-type":"application/json; charset=UTF-8","vary":"X-Origin, Referer, Origin,Accept-Encoding","date":"Thu, 04 Mar 2021 11:33:33 GMT","server":"ESF","cache-control":"private","x-xss-protection":"0","x-frame-options":"SAMEORIGIN","x-content-type-options":"nosniff","alt-svc":"h3-29=\":443\"; ma=2592000,h3-T051=\":443\"; ma=2592000,h3-Q050=\":443\"; ma=2592000,h3-Q046=\":443\"; ma=2592000,h3-Q043=\":443\"; ma=2592000,quic=\":443\"; ma=2592000; v=\"46,43\"","accept-ranges":"none","transfer-encoding":"chunked"}
[debug] [2021-03-04T11:33:34.889Z] [hosting] finalized version for movie-and-tv-83376: {"name":"sites/movie-and-tv-83376/versions/0f70565cce11f7d5","status":"FINALIZED","config":{},"labels":{"deployment-tool":"cli-firebase"},"createTime":"2021-03-04T11:33:24.611259Z","createUser":{"email":"hydra666kyo@gmail.com"},"finalizeTime":"2021-03-04T11:33:33.537911Z","finalizeUser":{"email":"hydra666kyo@gmail.com"}}
[info] +  hosting[movie-and-tv-83376]: version finalized 
[info] i  hosting[movie-and-tv-83376]: releasing new version... 
[debug] [2021-03-04T11:33:34.891Z] >>> HTTP REQUEST POST https://firebasehosting.googleapis.com/v1beta1/sites/movie-and-tv-83376/releases?version_name=sites/movie-and-tv-83376/versions/0f70565cce11f7d5  
 {"message":null}
